Unity Editor version:    2021.3.21f1 (1b156197d683)
Branch:                  2021.3/staging
Build type:              Release
Batch mode:              YES
macOS version:           Version 13.3.1 (Build 22E261)
Darwin version:          22.4.0
Architecture:            arm64
Running under Rosetta:   NO
Available memory:        8192 MB
Using pre-set license
Pro License: YES

COMMAND LINE ARGUMENTS:
/Applications/Unity/Hub/Editor/2021.3.21f1/Unity.app/Contents/MacOS/Unity
-adb2
-batchMode
-noUpm
-name
AssetImportWorker0
-projectPath
/Users/dumindu/Exercise2
-logFile
Logs/AssetImportWorker0.log
-srvPort
50410
Successfully changed project path to: /Users/dumindu/Exercise2
/Users/dumindu/Exercise2
[UnityMemory] Configuration Parameters - Can be set up in boot.config
    "memorysetup-bucket-allocator-granularity=16"
    "memorysetup-bucket-allocator-bucket-count=8"
    "memorysetup-bucket-allocator-block-size=33554432"
    "memorysetup-bucket-allocator-block-count=8"
    "memorysetup-main-allocator-block-size=16777216"
    "memorysetup-thread-allocator-block-size=16777216"
    "memorysetup-gfx-main-allocator-block-size=16777216"
    "memorysetup-gfx-thread-allocator-block-size=16777216"
    "memorysetup-cache-allocator-block-size=4194304"
    "memorysetup-typetree-allocator-block-size=2097152"
    "memorysetup-profiler-bucket-allocator-granularity=16"
    "memorysetup-profiler-bucket-allocator-bucket-count=8"
    "memorysetup-profiler-bucket-allocator-block-size=33554432"
    "memorysetup-profiler-bucket-allocator-block-count=8"
    "memorysetup-profiler-allocator-block-size=16777216"
    "memorysetup-profiler-editor-allocator-block-size=1048576"
    "memorysetup-temp-allocator-size-main=16777216"
    "memorysetup-job-temp-allocator-block-size=2097152"
    "memorysetup-job-temp-allocator-block-size-background=1048576"
    "memorysetup-job-temp-allocator-reduction-small-platforms=262144"
    "memorysetup-temp-allocator-size-background-worker=32768"
    "memorysetup-temp-allocator-size-job-worker=262144"
    "memorysetup-temp-allocator-size-preload-manager=33554432"
    "memorysetup-temp-allocator-size-nav-mesh-worker=65536"
    "memorysetup-temp-allocator-size-audio-worker=65536"
    "memorysetup-temp-allocator-size-cloud-worker=32768"
    "memorysetup-temp-allocator-size-gi-baking-worker=262144"
    "memorysetup-temp-allocator-size-gfx=262144"
Player connection [8017156928] Host "[IP] 192.168.1.44 [Port] 0 [Flags] 2 [Guid] 3239689987 [EditorId] 3239689987 [Version] 1048832 [Id] OSXEditor(0,Dumindus-Air) [Debug] 1 [PackageName] OSXEditor [ProjectName] Editor" joined multi-casting on [225.0.0.222:54997]...

Player connection [8017156928] Host "[IP] 192.168.1.44 [Port] 0 [Flags] 2 [Guid] 3239689987 [EditorId] 3239689987 [Version] 1048832 [Id] OSXEditor(0,Dumindus-Air) [Debug] 1 [PackageName] OSXEditor [ProjectName] Editor" joined alternative multi-casting on [225.0.0.222:34997]...

Refreshing native plugins compatible for Editor in 199.12 ms, found 2 plugins.
Preloading 0 native plugins for Editor in 0.00 ms.
Initialize engine version: 2021.3.21f1 (1b156197d683)
[Subsystems] Discovering subsystems at path /Applications/Unity/Hub/Editor/2021.3.21f1/Unity.app/Contents/Resources/UnitySubsystems
[Subsystems] Discovering subsystems at path /Users/dumindu/Exercise2/Assets
GfxDevice: creating device client; threaded=0; jobified=0
 preferred device: Apple M1 (high power)
Metal devices available: 1
0: Apple M1 (high power)
Using device Apple M1 (high power)
Initializing Metal device caps: Apple M1
Initialize mono
Mono path[0] = '/Applications/Unity/Hub/Editor/2021.3.21f1/Unity.app/Contents/Managed'
Mono path[1] = '/Applications/Unity/Hub/Editor/2021.3.21f1/Unity.app/Contents/MonoBleedingEdge/lib/mono/unityjit-macos'
Mono config path = '/Applications/Unity/Hub/Editor/2021.3.21f1/Unity.app/Contents/MonoBleedingEdge/etc'
Using monoOptions --debugger-agent=transport=dt_socket,embedding=1,server=y,suspend=n,address=127.0.0.1:56657
Begin MonoManager ReloadAssembly
Registering precompiled unity dll's ...
Register platform support module: /Applications/Unity/Hub/Editor/2021.3.21f1/PlaybackEngines/WebGLSupport/UnityEditor.WebGL.Extensions.dll
Register platform support module: /Applications/Unity/Hub/Editor/2021.3.21f1/Unity.app/Contents/PlaybackEngines/MacStandaloneSupport/UnityEditor.OSXStandalone.Extensions.dll
Register platform support module: /Applications/Unity/Hub/Editor/2021.3.21f1/PlaybackEngines/iOSSupport/UnityEditor.iOS.Extensions.dll
Register platform support module: /Applications/Unity/Hub/Editor/2021.3.21f1/PlaybackEngines/WindowsStandaloneSupport/UnityEditor.WindowsStandalone.Extensions.dll
Registered in 0.003671 seconds.
Native extension for WindowsStandalone target not found
[usbmuxd] Start listen thread
[usbmuxd] Listen thread started
[usbmuxd] Send listen message
[usbmuxd] Attached: 18 00008110-0014352822D2401E
Native extension for iOS target not found
Native extension for OSXStandalone target not found
Native extension for WebGL target not found
Refreshing native plugins compatible for Editor in 141.57 ms, found 2 plugins.
Preloading 0 native plugins for Editor in 0.00 ms.
Mono: successfully reloaded assembly
- Completed reload, in  0.920 seconds
Domain Reload Profiling:
	ReloadAssembly (921ms)
		BeginReloadAssembly (99ms)
			ExecutionOrderSort (0ms)
			DisableScriptedObjects (0ms)
			BackupInstance (0ms)
			ReleaseScriptingObjects (0ms)
			CreateAndSetChildDomain (1ms)
		EndReloadAssembly (730ms)
			LoadAssemblies (101ms)
			RebuildTransferFunctionScriptingTraits (2ms)
			SetupTypeCache (132ms)
			ReleaseScriptCaches (0ms)
			RebuildScriptCaches (35ms)
			SetupLoadedEditorAssemblies (507ms)
				LogAssemblyErrors (0ms)
				InitializePlatformSupportModulesInManaged (127ms)
				SetLoadedEditorAssemblies (0ms)
				RefreshPlugins (142ms)
				BeforeProcessingInitializeOnLoad (1ms)
				ProcessInitializeOnLoadAttributes (174ms)
				ProcessInitializeOnLoadMethodAttributes (63ms)
				AfterProcessingInitializeOnLoad (0ms)
				EditorAssembliesLoaded (0ms)
			ExecutionOrderSort2 (0ms)
			AwakeInstancesAfterBackupRestoration (0ms)
Platform modules already initialized, skipping
Registering precompiled user dll's ...
Registered in 0.003165 seconds.
Begin MonoManager ReloadAssembly
Symbol file LoadedFromMemory doesn't match image /Users/dumindu/Exercise2/Library/PackageCache/com.unity.visualscripting@1.8.0/Editor/VisualScripting.Core/Dependencies/YamlDotNet/Unity.VisualScripting.YamlDotNet.dll
Symbol file LoadedFromMemory doesn't match image /Users/dumindu/Exercise2/Library/PackageCache/com.unity.visualscripting@1.8.0/Editor/VisualScripting.Core/Dependencies/DotNetZip/Unity.VisualScripting.IonicZip.dll
Native extension for WindowsStandalone target not found
Native extension for iOS target not found
Native extension for OSXStandalone target not found
Native extension for WebGL target not found
Refreshing native plugins compatible for Editor in 119.06 ms, found 2 plugins.
Preloading 0 native plugins for Editor in 0.00 ms.
Package Manager log level set to [2]
Mono: successfully reloaded assembly
- Completed reload, in  1.367 seconds
Domain Reload Profiling:
	ReloadAssembly (1368ms)
		BeginReloadAssembly (154ms)
			ExecutionOrderSort (0ms)
			DisableScriptedObjects (5ms)
			BackupInstance (0ms)
			ReleaseScriptingObjects (0ms)
			CreateAndSetChildDomain (24ms)
		EndReloadAssembly (1099ms)
			LoadAssemblies (144ms)
			RebuildTransferFunctionScriptingTraits (0ms)
			SetupTypeCache (292ms)
			ReleaseScriptCaches (1ms)
			RebuildScriptCaches (54ms)
			SetupLoadedEditorAssemblies (626ms)
				LogAssemblyErrors (0ms)
				InitializePlatformSupportModulesInManaged (23ms)
				SetLoadedEditorAssemblies (0ms)
				RefreshPlugins (119ms)
				BeforeProcessingInitializeOnLoad (106ms)
				ProcessInitializeOnLoadAttributes (362ms)
				ProcessInitializeOnLoadMethodAttributes (14ms)
				AfterProcessingInitializeOnLoad (2ms)
				EditorAssembliesLoaded (1ms)
			ExecutionOrderSort2 (0ms)
			AwakeInstancesAfterBackupRestoration (4ms)
Platform modules already initialized, skipping
========================================================================
Worker process is ready to serve import requests
Launching external process: /Applications/Unity/Hub/Editor/2021.3.21f1/Unity.app/Contents/Tools/UnityShaderCompiler
Launched and connected shader compiler UnityShaderCompiler after 0.26 seconds
Refreshing native plugins compatible for Editor in 0.54 ms, found 2 plugins.
Preloading 0 native plugins for Editor in 0.00 ms.
Unloading 3788 Unused Serialized files (Serialized files now loaded: 0)
Unloading 28 unused Assets / (84.7 KB). Loaded Objects now: 4257.
Memory consumption went from 127.1 MB to 127.0 MB.
Total: 4.672167 ms (FindLiveObjects: 0.778583 ms CreateObjectMapping: 0.088917 ms MarkObjects: 3.370833 ms  DeleteObjects: 0.432833 ms)

AssetImportParameters requested are different than current active one (requested -> active):
  custom:video-decoder-ogg-theora: a1e56fd34408186e4bbccfd4996cb3dc -> 
  custom:container-muxer-webm: aa71ff27fc2769a1b78a27578f13a17b -> 
  custom:container-demuxer-webm: 4f35f7cbe854078d1ac9338744f61a02 -> 
  custom:video-encoder-webm-vp8: eb34c28f22e8b96e1ab97ce403110664 -> 
  custom:framework-osx-AVFoundation: e770b220cccbd017edd2c1fefb359320 -> 
  custom:audio-encoder-webm-vorbis: bf7c407c2cedff20999df2af8eb42d56 -> 
  custom:container-demuxer-ogg: 62fdf1f143b41e24485cea50d1cbac27 -> 
  custom:video-decoder-webm-vp8: 9c59270c3fd7afecdb556c50c9e8de78 -> 
  custom:audio-decoder-ogg-vorbis: bf7c407c2cedff20999df2af8eb42d56 -> 
========================================================================
Received Import Request.
  Time since last request: 3082.360432 seconds.
  path: Assets/Prefab
  artifactKey: Guid(8b3be170583404794b7f0ccccf8ffd57) Importer(815301076,1909f56bfc062723c751e8b465ee728b)
Start importing Assets/Prefab using Guid(8b3be170583404794b7f0ccccf8ffd57) Importer(815301076,1909f56bfc062723c751e8b465ee728b)  -> (artifact id: '1a73fef4f96de0ebab8b551196212129') in 0.007587 seconds 
========================================================================
Received Import Request.
  Time since last request: 26.339935 seconds.
  path: Assets/Prefab/ReferenceImageLibrary.asset
  artifactKey: Guid(f87f48f5834a944d69b93a80d91f0d45) Importer(815301076,1909f56bfc062723c751e8b465ee728b)
Start importing Assets/Prefab/ReferenceImageLibrary.asset using Guid(f87f48f5834a944d69b93a80d91f0d45) Importer(815301076,1909f56bfc062723c751e8b465ee728b)  -> (artifact id: '669197c4d4d584f37e1827a74615306e') in 0.748102 seconds 
========================================================================
Received Import Request.
  Time since last request: 141.810634 seconds.
  path: Assets/RotatingObject.prefab
  artifactKey: Guid(5eb9d358d253345eba5b2658a8b66e69) Importer(815301076,1909f56bfc062723c751e8b465ee728b)
Start importing Assets/RotatingObject.prefab using Guid(5eb9d358d253345eba5b2658a8b66e69) Importer(815301076,1909f56bfc062723c751e8b465ee728b)  -> (artifact id: 'bf95d8e13d4548eb2601f3e9ede7c875') in 0.495791 seconds 
========================================================================
Received Import Request.
  Time since last request: 30.381184 seconds.
  path: Assets/Texture
  artifactKey: Guid(d4ab71caca78049d99d47b3c66ac2d91) Importer(815301076,1909f56bfc062723c751e8b465ee728b)
Start importing Assets/Texture using Guid(d4ab71caca78049d99d47b3c66ac2d91) Importer(815301076,1909f56bfc062723c751e8b465ee728b)  -> (artifact id: 'aa27b8067842ed77d2788dd8285d4049') in 0.007662 seconds 
========================================================================
Received Import Request.
  Time since last request: 11.299652 seconds.
  path: Assets/Texture/Subject 2.png
  artifactKey: Guid(ca443a855a79447a7a6459d971f4c0c5) Importer(815301076,1909f56bfc062723c751e8b465ee728b)
Start importing Assets/Texture/Subject 2.png using Guid(ca443a855a79447a7a6459d971f4c0c5) Importer(815301076,1909f56bfc062723c751e8b465ee728b)  -> (artifact id: '1226b7b5c7ef308ce08dfdc6b18a97f7') in 0.596702 seconds 
========================================================================
Received Import Request.
  Time since last request: 11.149300 seconds.
  path: Packages/com.unity.inputsystem/InputSystem/Editor/AssetEditor/Resources/pro/actionTreeBackground.png
  artifactKey: Guid(c4b66e31395c54087a2fbc13ae7e0f3c) Importer(815301076,1909f56bfc062723c751e8b465ee728b)
Start importing Packages/com.unity.inputsystem/InputSystem/Editor/AssetEditor/Resources/pro/actionTreeBackground.png using Guid(c4b66e31395c54087a2fbc13ae7e0f3c) Importer(815301076,1909f56bfc062723c751e8b465ee728b)  -> (artifact id: 'da7b6f48cdcfc477e3ffff7e978b0747') in 0.014530 seconds 
========================================================================
Received Import Request.
  Time since last request: 0.000052 seconds.
  path: Packages/com.unity.inputsystem/InputSystem/Editor/Icons/Add Binding.png
  artifactKey: Guid(958a10dec4f3a4764bb345b0aa03510b) Importer(815301076,1909f56bfc062723c751e8b465ee728b)
Start importing Packages/com.unity.inputsystem/InputSystem/Editor/Icons/Add Binding.png using Guid(958a10dec4f3a4764bb345b0aa03510b) Importer(815301076,1909f56bfc062723c751e8b465ee728b)  -> (artifact id: '414b318a0edb4026a47805124f828db0') in 0.008020 seconds 
========================================================================
Received Import Request.
  Time since last request: 0.000056 seconds.
  path: Packages/com.unity.inputsystem/InputSystem/Editor/Icons/Add Binding@3x.png
  artifactKey: Guid(8be1fbf4b24de44c99840805bdae9e40) Importer(815301076,1909f56bfc062723c751e8b465ee728b)
Start importing Packages/com.unity.inputsystem/InputSystem/Editor/Icons/Add Binding@3x.png using Guid(8be1fbf4b24de44c99840805bdae9e40) Importer(815301076,1909f56bfc062723c751e8b465ee728b)  -> (artifact id: '6654d236534fda5b7e21fdb706452989') in 0.010475 seconds 
========================================================================
Received Import Request.
  Time since last request: 0.000096 seconds.
  path: Packages/com.unity.inputsystem/InputSystem/Editor/Icons/Add Binding@2x.png
  artifactKey: Guid(bb5fa99d6e9434c9ebf101c956021ee1) Importer(815301076,1909f56bfc062723c751e8b465ee728b)
Start importing Packages/com.unity.inputsystem/InputSystem/Editor/Icons/Add Binding@2x.png using Guid(bb5fa99d6e9434c9ebf101c956021ee1) Importer(815301076,1909f56bfc062723c751e8b465ee728b)  -> (artifact id: '4ad87b25d0c5ee45e264d0aa76c6d6a0') in 0.008219 seconds 
========================================================================
Received Import Request.
  Time since last request: 0.000063 seconds.
  path: Packages/com.unity.inputsystem/InputSystem/Editor/Icons/Add Binding@4x.png
  artifactKey: Guid(862c5ca31844d4a6d9aa804af982ce65) Importer(815301076,1909f56bfc062723c751e8b465ee728b)
Start importing Packages/com.unity.inputsystem/InputSystem/Editor/Icons/Add Binding@4x.png using Guid(862c5ca31844d4a6d9aa804af982ce65) Importer(815301076,1909f56bfc062723c751e8b465ee728b)  -> (artifact id: 'a3e1f4624bf9b081552d7e085308fed9') in 0.011121 seconds 
========================================================================
Received Import Request.
  Time since last request: 0.000077 seconds.
  path: Packages/com.unity.inputsystem/InputSystem/Editor/AssetEditor/Resources/personal/actionTreeBackgroundWithoutBorder.png
  artifactKey: Guid(cf632ed80bf1f46c980de6b1b8b903ef) Importer(815301076,1909f56bfc062723c751e8b465ee728b)
Start importing Packages/com.unity.inputsystem/InputSystem/Editor/AssetEditor/Resources/personal/actionTreeBackgroundWithoutBorder.png using Guid(cf632ed80bf1f46c980de6b1b8b903ef) Importer(815301076,1909f56bfc062723c751e8b465ee728b)  -> (artifact id: '8b37b8dcc8198dae4914444176569aa8') in 0.008053 seconds 
========================================================================
Received Import Request.
  Time since last request: 0.000048 seconds.
  path: Packages/com.unity.inputsystem/InputSystem/Editor/AssetEditor/Resources/pro/actionTreeBackgroundWithoutBorder.png
  artifactKey: Guid(943deaaee9c9347e0a455aa208526c42) Importer(815301076,1909f56bfc062723c751e8b465ee728b)
Start importing Packages/com.unity.inputsystem/InputSystem/Editor/AssetEditor/Resources/pro/actionTreeBackgroundWithoutBorder.png using Guid(943deaaee9c9347e0a455aa208526c42) Importer(815301076,1909f56bfc062723c751e8b465ee728b)  -> (artifact id: '5a5fc14eaa838c5cb83dde1ec52b4fda') in 0.007982 seconds 
========================================================================
Received Import Request.
  Time since last request: 24.981091 seconds.
  path: Assets/Prefab/ReferenceImageLibrary.asset
  artifactKey: Guid(f87f48f5834a944d69b93a80d91f0d45) Importer(815301076,1909f56bfc062723c751e8b465ee728b)
Start importing Assets/Prefab/ReferenceImageLibrary.asset using Guid(f87f48f5834a944d69b93a80d91f0d45) Importer(815301076,1909f56bfc062723c751e8b465ee728b)  -> (artifact id: 'b59d9eb50e7fde1d32c86536f0d29048') in 0.026664 seconds 
========================================================================
Received Import Request.
  Time since last request: 225.944945 seconds.
  path: Assets/Prefab/ReferenceImageLibrary.asset
  artifactKey: Guid(f87f48f5834a944d69b93a80d91f0d45) Importer(815301076,1909f56bfc062723c751e8b465ee728b)
Start importing Assets/Prefab/ReferenceImageLibrary.asset using Guid(f87f48f5834a944d69b93a80d91f0d45) Importer(815301076,1909f56bfc062723c751e8b465ee728b)  -> (artifact id: 'd150d855bf55c221af1ed1879e0dc567') in 0.035683 seconds 
========================================================================
Received Prepare
Registering precompiled user dll's ...
Registered in 0.002864 seconds.
Begin MonoManager ReloadAssembly
Thread 0x2917c3000 may have been prematurely finalized
Symbol file LoadedFromMemory doesn't match image /Users/dumindu/Exercise2/Library/PackageCache/com.unity.visualscripting@1.8.0/Editor/VisualScripting.Core/Dependencies/YamlDotNet/Unity.VisualScripting.YamlDotNet.dll
Symbol file LoadedFromMemory doesn't match image /Users/dumindu/Exercise2/Library/PackageCache/com.unity.visualscripting@1.8.0/Editor/VisualScripting.Core/Dependencies/DotNetZip/Unity.VisualScripting.IonicZip.dll
Native extension for WindowsStandalone target not found
Native extension for iOS target not found
Native extension for OSXStandalone target not found
Native extension for WebGL target not found
Refreshing native plugins compatible for Editor in 1.01 ms, found 2 plugins.
Preloading 0 native plugins for Editor in 0.00 ms.
Mono: successfully reloaded assembly
- Completed reload, in  1.668 seconds
Domain Reload Profiling:
	ReloadAssembly (1669ms)
		BeginReloadAssembly (195ms)
			ExecutionOrderSort (0ms)
			DisableScriptedObjects (10ms)
			BackupInstance (0ms)
			ReleaseScriptingObjects (0ms)
			CreateAndSetChildDomain (95ms)
		EndReloadAssembly (1342ms)
			LoadAssemblies (93ms)
			RebuildTransferFunctionScriptingTraits (1ms)
			SetupTypeCache (509ms)
			ReleaseScriptCaches (1ms)
			RebuildScriptCaches (61ms)
			SetupLoadedEditorAssemblies (596ms)
				LogAssemblyErrors (0ms)
				InitializePlatformSupportModulesInManaged (39ms)
				SetLoadedEditorAssemblies (1ms)
				RefreshPlugins (1ms)
				BeforeProcessingInitializeOnLoad (123ms)
				ProcessInitializeOnLoadAttributes (409ms)
				ProcessInitializeOnLoadMethodAttributes (21ms)
				AfterProcessingInitializeOnLoad (2ms)
				EditorAssembliesLoaded (0ms)
			ExecutionOrderSort2 (0ms)
			AwakeInstancesAfterBackupRestoration (7ms)
Platform modules already initialized, skipping
Refreshing native plugins compatible for Editor in 2.27 ms, found 2 plugins.
Preloading 0 native plugins for Editor in 0.00 ms.
Unloading 3777 Unused Serialized files (Serialized files now loaded: 0)
Unloading 18 unused Assets / (64.4 KB). Loaded Objects now: 4279.
Memory consumption went from 141.3 MB to 141.2 MB.
Total: 5.764208 ms (FindLiveObjects: 0.229833 ms CreateObjectMapping: 0.106041 ms MarkObjects: 5.302917 ms  DeleteObjects: 0.123625 ms)

AssetImportParameters requested are different than current active one (requested -> active):
  custom:video-decoder-ogg-theora: a1e56fd34408186e4bbccfd4996cb3dc -> 
  custom:container-muxer-webm: aa71ff27fc2769a1b78a27578f13a17b -> 
  custom:container-demuxer-webm: 4f35f7cbe854078d1ac9338744f61a02 -> 
  custom:video-encoder-webm-vp8: eb34c28f22e8b96e1ab97ce403110664 -> 
  custom:framework-osx-AVFoundation: e770b220cccbd017edd2c1fefb359320 -> 
  custom:audio-encoder-webm-vorbis: bf7c407c2cedff20999df2af8eb42d56 -> 
  custom:container-demuxer-ogg: 62fdf1f143b41e24485cea50d1cbac27 -> 
  custom:video-decoder-webm-vp8: 9c59270c3fd7afecdb556c50c9e8de78 -> 
  custom:audio-decoder-ogg-vorbis: bf7c407c2cedff20999df2af8eb42d56 -> 
========================================================================
Received Prepare
Refreshing native plugins compatible for Editor in 5.15 ms, found 2 plugins.
Preloading 0 native plugins for Editor in 0.00 ms.
Unloading 18 Unused Serialized files (Serialized files now loaded: 0)
Unloading 18 unused Assets / (64.4 KB). Loaded Objects now: 4279.
Memory consumption went from 65.8 MB to 65.7 MB.
Total: 10.364209 ms (FindLiveObjects: 0.257625 ms CreateObjectMapping: 0.068750 ms MarkObjects: 9.954667 ms  DeleteObjects: 0.082709 ms)

AssetImportParameters requested are different than current active one (requested -> active):
  custom:video-decoder-ogg-theora: a1e56fd34408186e4bbccfd4996cb3dc -> 
  custom:container-muxer-webm: aa71ff27fc2769a1b78a27578f13a17b -> 
  custom:container-demuxer-webm: 4f35f7cbe854078d1ac9338744f61a02 -> 
  custom:video-encoder-webm-vp8: eb34c28f22e8b96e1ab97ce403110664 -> 
  custom:framework-osx-AVFoundation: e770b220cccbd017edd2c1fefb359320 -> 
  custom:audio-encoder-webm-vorbis: bf7c407c2cedff20999df2af8eb42d56 -> 
  custom:container-demuxer-ogg: 62fdf1f143b41e24485cea50d1cbac27 -> 
  custom:video-decoder-webm-vp8: 9c59270c3fd7afecdb556c50c9e8de78 -> 
  custom:audio-decoder-ogg-vorbis: bf7c407c2cedff20999df2af8eb42d56 -> 
[usbmuxd] Detached: 18 00008110-0014352822D2401E
========================================================================
Received Import Request.
  Time since last request: 26565.889589 seconds.
  path: Assets/Prefab/ReferenceImageLibrary.asset
  artifactKey: Guid(f87f48f5834a944d69b93a80d91f0d45) Importer(815301076,1909f56bfc062723c751e8b465ee728b)
Start importing Assets/Prefab/ReferenceImageLibrary.asset using Guid(f87f48f5834a944d69b93a80d91f0d45) Importer(815301076,1909f56bfc062723c751e8b465ee728b)  -> (artifact id: '5a4d035f208f74a9e9f63b4a8db0b228') in 0.353932 seconds 
========================================================================
Received Import Request.
  Time since last request: 9.969547 seconds.
  path: Assets/Scenes/ARSampleActions.prefab
  artifactKey: Guid(003958b319dd744e89a5b81e5ffb66d1) Importer(815301076,1909f56bfc062723c751e8b465ee728b)
Start importing Assets/Scenes/ARSampleActions.prefab using Guid(003958b319dd744e89a5b81e5ffb66d1) Importer(815301076,1909f56bfc062723c751e8b465ee728b)  -> (artifact id: 'f2c3716abe368e046551b36af1dc6c37') in 0.194303 seconds 
========================================================================
Received Import Request.
  Time since last request: 10.022618 seconds.
  path: Assets/Tree_Textures/diffuse.png
  artifactKey: Guid(b69c9d162bb1443d7a67f4393baef402) Importer(815301076,1909f56bfc062723c751e8b465ee728b)
Start importing Assets/Tree_Textures/diffuse.png using Guid(b69c9d162bb1443d7a67f4393baef402) Importer(815301076,1909f56bfc062723c751e8b465ee728b)  -> (artifact id: '786e6e7b5b7f170fd658fc9c08aa3d18') in 0.036946 seconds 
========================================================================
Received Import Request.
  Time since last request: 0.000051 seconds.
  path: Assets/Tree_Textures/shadow.png
  artifactKey: Guid(31f492fca53c241318baaacc4df5fc67) Importer(815301076,1909f56bfc062723c751e8b465ee728b)
Start importing Assets/Tree_Textures/shadow.png using Guid(31f492fca53c241318baaacc4df5fc67) Importer(815301076,1909f56bfc062723c751e8b465ee728b)  -> (artifact id: '5e1eebd9cec566a9ec296a97e24f5aa0') in 0.008442 seconds 
========================================================================
Received Import Request.
  Time since last request: 0.000042 seconds.
  path: Assets/Tree_Textures/translucency_gloss.png
  artifactKey: Guid(9e88ea522264c4726a93a48115f9b3d3) Importer(815301076,1909f56bfc062723c751e8b465ee728b)
Start importing Assets/Tree_Textures/translucency_gloss.png using Guid(9e88ea522264c4726a93a48115f9b3d3) Importer(815301076,1909f56bfc062723c751e8b465ee728b)  -> (artifact id: '6b33f70589fb127db1f3d2fefb7c7fc4') in 0.007594 seconds 
========================================================================
Received Import Request.
  Time since last request: 0.750586 seconds.
  path: Assets/XR/XRGeneralSettings.asset
  artifactKey: Guid(0cb718f56ecad42abae9036347aad7b9) Importer(815301076,1909f56bfc062723c751e8b465ee728b)
Start importing Assets/XR/XRGeneralSettings.asset using Guid(0cb718f56ecad42abae9036347aad7b9) Importer(815301076,1909f56bfc062723c751e8b465ee728b)  -> (artifact id: '6c44665fe52de6f17e95ecb7259a400e') in 0.003353 seconds 
========================================================================
Received Import Request.
  Time since last request: 1258.970456 seconds.
  path: Assets/Texture/Subject 5.png
  artifactKey: Guid(f74e4606317a34caf8a17a66468ec71e) Importer(815301076,1909f56bfc062723c751e8b465ee728b)
Start importing Assets/Texture/Subject 5.png using Guid(f74e4606317a34caf8a17a66468ec71e) Importer(815301076,1909f56bfc062723c751e8b465ee728b)  -> (artifact id: '913438cb3fd6b2671bf99f1bb146f0af') in 0.025715 seconds 
========================================================================
Received Import Request.
  Time since last request: 22.816416 seconds.
  path: Packages/com.unity.inputsystem/InputSystem/Editor/Icons/Axis.png
  artifactKey: Guid(7e853779c8fed4ebf917a0de21c79602) Importer(815301076,1909f56bfc062723c751e8b465ee728b)
Start importing Packages/com.unity.inputsystem/InputSystem/Editor/Icons/Axis.png using Guid(7e853779c8fed4ebf917a0de21c79602) Importer(815301076,1909f56bfc062723c751e8b465ee728b)  -> (artifact id: '49bb0806d146cae3a9136d02c1ac010c') in 0.008780 seconds 
========================================================================
Received Import Request.
  Time since last request: 0.000056 seconds.
  path: Packages/com.unity.textmeshpro/Editor Resources/Textures/btn_AlignBaseLine_Light.psd
  artifactKey: Guid(18775b51e3bd42299fd30bd036ea982f) Importer(815301076,1909f56bfc062723c751e8b465ee728b)
Start importing Packages/com.unity.textmeshpro/Editor Resources/Textures/btn_AlignBaseLine_Light.psd using Guid(18775b51e3bd42299fd30bd036ea982f) Importer(815301076,1909f56bfc062723c751e8b465ee728b)  -> (artifact id: 'c21671572215f704c29ce1e7a9cdf985') in 0.248825 seconds 
========================================================================
Received Import Request.
  Time since last request: 0.000060 seconds.
  path: Packages/com.unity.textmeshpro/Editor Resources/Textures/btn_AlignFlush.psd
  artifactKey: Guid(691475c57a824010be0c6f474caeb7e1) Importer(815301076,1909f56bfc062723c751e8b465ee728b)
Start importing Packages/com.unity.textmeshpro/Editor Resources/Textures/btn_AlignFlush.psd using Guid(691475c57a824010be0c6f474caeb7e1) Importer(815301076,1909f56bfc062723c751e8b465ee728b)  -> (artifact id: 'dc5d9f51aedfe6c522effa5288a137d3') in 0.005729 seconds 
========================================================================
Received Import Request.
  Time since last request: 0.000069 seconds.
  path: Packages/com.unity.textmeshpro/Editor Resources/Textures/btn_AlignBaseLine.psd
  artifactKey: Guid(8bc445bb79654bf496c92d0407840a92) Importer(815301076,1909f56bfc062723c751e8b465ee728b)
Start importing Packages/com.unity.textmeshpro/Editor Resources/Textures/btn_AlignBaseLine.psd using Guid(8bc445bb79654bf496c92d0407840a92) Importer(815301076,1909f56bfc062723c751e8b465ee728b)  -> (artifact id: 'dadba473a0e7ad5aa21996f9b053492f') in 0.007368 seconds 
========================================================================
Received Import Request.
  Time since last request: 129.118965 seconds.
  path: Assets/Scripts/ImageTracking.cs
  artifactKey: Guid(a0f69ecf3f0684a80af76d5cbb7fd8ad) Importer(815301076,1909f56bfc062723c751e8b465ee728b)
Start importing Assets/Scripts/ImageTracking.cs using Guid(a0f69ecf3f0684a80af76d5cbb7fd8ad) Importer(815301076,1909f56bfc062723c751e8b465ee728b)  -> (artifact id: '164a70dbfe19a589d20f890a91d46d5a') in 0.146672 seconds 
========================================================================
Received Prepare
Registering precompiled user dll's ...
Registered in 0.003186 seconds.
Begin MonoManager ReloadAssembly
Thread 0x2917c3000 may have been prematurely finalized
Symbol file LoadedFromMemory doesn't match image /Users/dumindu/Exercise2/Library/PackageCache/com.unity.visualscripting@1.8.0/Editor/VisualScripting.Core/Dependencies/YamlDotNet/Unity.VisualScripting.YamlDotNet.dll
Symbol file LoadedFromMemory doesn't match image /Users/dumindu/Exercise2/Library/PackageCache/com.unity.visualscripting@1.8.0/Editor/VisualScripting.Core/Dependencies/DotNetZip/Unity.VisualScripting.IonicZip.dll
Native extension for WindowsStandalone target not found
Native extension for iOS target not found
Native extension for OSXStandalone target not found
Native extension for WebGL target not found
Refreshing native plugins compatible for Editor in 0.67 ms, found 2 plugins.
Preloading 0 native plugins for Editor in 0.00 ms.
Mono: successfully reloaded assembly
- Completed reload, in  1.415 seconds
Domain Reload Profiling:
	ReloadAssembly (1416ms)
		BeginReloadAssembly (292ms)
			ExecutionOrderSort (0ms)
			DisableScriptedObjects (10ms)
			BackupInstance (0ms)
			ReleaseScriptingObjects (0ms)
			CreateAndSetChildDomain (103ms)
		EndReloadAssembly (958ms)
			LoadAssemblies (149ms)
			RebuildTransferFunctionScriptingTraits (0ms)
			SetupTypeCache (410ms)
			ReleaseScriptCaches (1ms)
			RebuildScriptCaches (46ms)
			SetupLoadedEditorAssemblies (377ms)
				LogAssemblyErrors (0ms)
				InitializePlatformSupportModulesInManaged (26ms)
				SetLoadedEditorAssemblies (0ms)
				RefreshPlugins (1ms)
				BeforeProcessingInitializeOnLoad (76ms)
				ProcessInitializeOnLoadAttributes (255ms)
				ProcessInitializeOnLoadMethodAttributes (16ms)
				AfterProcessingInitializeOnLoad (2ms)
				EditorAssembliesLoaded (0ms)
			ExecutionOrderSort2 (0ms)
			AwakeInstancesAfterBackupRestoration (4ms)
Platform modules already initialized, skipping
Refreshing native plugins compatible for Editor in 1.12 ms, found 2 plugins.
Preloading 0 native plugins for Editor in 0.00 ms.
Unloading 3779 Unused Serialized files (Serialized files now loaded: 0)
Unloading 22 unused Assets / (64.4 KB). Loaded Objects now: 4284.
Memory consumption went from 149.6 MB to 149.5 MB.
Total: 3.471167 ms (FindLiveObjects: 0.181666 ms CreateObjectMapping: 0.075667 ms MarkObjects: 3.027917 ms  DeleteObjects: 0.185041 ms)

AssetImportParameters requested are different than current active one (requested -> active):
  custom:video-decoder-ogg-theora: a1e56fd34408186e4bbccfd4996cb3dc -> 
  custom:container-muxer-webm: aa71ff27fc2769a1b78a27578f13a17b -> 
  custom:container-demuxer-webm: 4f35f7cbe854078d1ac9338744f61a02 -> 
  custom:video-encoder-webm-vp8: eb34c28f22e8b96e1ab97ce403110664 -> 
  custom:framework-osx-AVFoundation: e770b220cccbd017edd2c1fefb359320 -> 
  custom:audio-encoder-webm-vorbis: bf7c407c2cedff20999df2af8eb42d56 -> 
  custom:container-demuxer-ogg: 62fdf1f143b41e24485cea50d1cbac27 -> 
  custom:video-decoder-webm-vp8: 9c59270c3fd7afecdb556c50c9e8de78 -> 
  custom:audio-decoder-ogg-vorbis: bf7c407c2cedff20999df2af8eb42d56 -> 
========================================================================
Received Import Request.
  Time since last request: 1121.297746 seconds.
  path: Assets/Scripts/ImageTracking.cs
  artifactKey: Guid(a0f69ecf3f0684a80af76d5cbb7fd8ad) Importer(815301076,1909f56bfc062723c751e8b465ee728b)
Start importing Assets/Scripts/ImageTracking.cs using Guid(a0f69ecf3f0684a80af76d5cbb7fd8ad) Importer(815301076,1909f56bfc062723c751e8b465ee728b)  -> (artifact id: '5a965b763025f3054f73eed581cab7e4') in 0.081060 seconds 
========================================================================
Received Prepare
Registering precompiled user dll's ...
Registered in 0.001871 seconds.
Begin MonoManager ReloadAssembly
Thread 0x16f353000 may have been prematurely finalized
Symbol file LoadedFromMemory doesn't match image /Users/dumindu/Exercise2/Library/PackageCache/com.unity.visualscripting@1.8.0/Editor/VisualScripting.Core/Dependencies/YamlDotNet/Unity.VisualScripting.YamlDotNet.dll
Symbol file LoadedFromMemory doesn't match image /Users/dumindu/Exercise2/Library/PackageCache/com.unity.visualscripting@1.8.0/Editor/VisualScripting.Core/Dependencies/DotNetZip/Unity.VisualScripting.IonicZip.dll
Native extension for WindowsStandalone target not found
Native extension for iOS target not found
Native extension for OSXStandalone target not found
Native extension for WebGL target not found
Refreshing native plugins compatible for Editor in 0.59 ms, found 2 plugins.
Preloading 0 native plugins for Editor in 0.00 ms.
Mono: successfully reloaded assembly
- Completed reload, in  1.256 seconds
Domain Reload Profiling:
	ReloadAssembly (1257ms)
		BeginReloadAssembly (200ms)
			ExecutionOrderSort (0ms)
			DisableScriptedObjects (8ms)
			BackupInstance (0ms)
			ReleaseScriptingObjects (0ms)
			CreateAndSetChildDomain (99ms)
		EndReloadAssembly (944ms)
			LoadAssemblies (109ms)
			RebuildTransferFunctionScriptingTraits (0ms)
			SetupTypeCache (443ms)
			ReleaseScriptCaches (1ms)
			RebuildScriptCaches (40ms)
			SetupLoadedEditorAssemblies (322ms)
				LogAssemblyErrors (0ms)
				InitializePlatformSupportModulesInManaged (24ms)
				SetLoadedEditorAssemblies (1ms)
				RefreshPlugins (1ms)
				BeforeProcessingInitializeOnLoad (66ms)
				ProcessInitializeOnLoadAttributes (215ms)
				ProcessInitializeOnLoadMethodAttributes (14ms)
				AfterProcessingInitializeOnLoad (1ms)
				EditorAssembliesLoaded (0ms)
			ExecutionOrderSort2 (0ms)
			AwakeInstancesAfterBackupRestoration (3ms)
Platform modules already initialized, skipping
Refreshing native plugins compatible for Editor in 1.61 ms, found 2 plugins.
Preloading 0 native plugins for Editor in 0.00 ms.
Unloading 3779 Unused Serialized files (Serialized files now loaded: 0)
Unloading 18 unused Assets / (63.0 KB). Loaded Objects now: 4288.
Memory consumption went from 149.6 MB to 149.5 MB.
Total: 3.366833 ms (FindLiveObjects: 0.171750 ms CreateObjectMapping: 0.075042 ms MarkObjects: 3.051708 ms  DeleteObjects: 0.067583 ms)

AssetImportParameters requested are different than current active one (requested -> active):
  custom:video-decoder-ogg-theora: a1e56fd34408186e4bbccfd4996cb3dc -> 
  custom:container-muxer-webm: aa71ff27fc2769a1b78a27578f13a17b -> 
  custom:container-demuxer-webm: 4f35f7cbe854078d1ac9338744f61a02 -> 
  custom:video-encoder-webm-vp8: eb34c28f22e8b96e1ab97ce403110664 -> 
  custom:framework-osx-AVFoundation: e770b220cccbd017edd2c1fefb359320 -> 
  custom:audio-encoder-webm-vorbis: bf7c407c2cedff20999df2af8eb42d56 -> 
  custom:container-demuxer-ogg: 62fdf1f143b41e24485cea50d1cbac27 -> 
  custom:video-decoder-webm-vp8: 9c59270c3fd7afecdb556c50c9e8de78 -> 
  custom:audio-decoder-ogg-vorbis: bf7c407c2cedff20999df2af8eb42d56 -> 
========================================================================
Received Import Request.
  Time since last request: 147.897655 seconds.
  path: Assets/Scripts/ImageTracking.cs
  artifactKey: Guid(a0f69ecf3f0684a80af76d5cbb7fd8ad) Importer(815301076,1909f56bfc062723c751e8b465ee728b)
Start importing Assets/Scripts/ImageTracking.cs using Guid(a0f69ecf3f0684a80af76d5cbb7fd8ad) Importer(815301076,1909f56bfc062723c751e8b465ee728b)  -> (artifact id: '952dbbde2c4e3bbcdf4514ae2bcc2dc1') in 0.006832 seconds 
========================================================================
Received Import Request.
  Time since last request: 171.517378 seconds.
  path: Assets/Prefab/Cube.prefab
  artifactKey: Guid(4d4c8272fcc164c34bd720707116ae3c) Importer(815301076,1909f56bfc062723c751e8b465ee728b)
Start importing Assets/Prefab/Cube.prefab using Guid(4d4c8272fcc164c34bd720707116ae3c) Importer(815301076,1909f56bfc062723c751e8b465ee728b)  -> (artifact id: '139c3e5eb61b6a42e8a693d3b35e2db4') in 0.077808 seconds 
========================================================================
Received Import Request.
  Time since last request: 29.278389 seconds.
  path: Assets/Prefab/Sphere.prefab
  artifactKey: Guid(567e4d2da23244ab0b679f7bbd40b51d) Importer(815301076,1909f56bfc062723c751e8b465ee728b)
Start importing Assets/Prefab/Sphere.prefab using Guid(567e4d2da23244ab0b679f7bbd40b51d) Importer(815301076,1909f56bfc062723c751e8b465ee728b)  -> (artifact id: '185f2f6e7bb37cb2f63c5b93583e1374') in 0.012395 seconds 
========================================================================
Received Import Request.
  Time since last request: 44.378131 seconds.
  path: Assets/Prefab/Cylinder.prefab
  artifactKey: Guid(f3eea2da93a87435582181c5bba9e638) Importer(815301076,1909f56bfc062723c751e8b465ee728b)
Start importing Assets/Prefab/Cylinder.prefab using Guid(f3eea2da93a87435582181c5bba9e638) Importer(815301076,1909f56bfc062723c751e8b465ee728b)  -> (artifact id: '022a68f1e29f19c50f142046139d5402') in 0.006562 seconds 
========================================================================
Received Import Request.
  Time since last request: 27.836000 seconds.
  path: Assets/Prefab/obj1.prefab
  artifactKey: Guid(4d4c8272fcc164c34bd720707116ae3c) Importer(815301076,1909f56bfc062723c751e8b465ee728b)
Start importing Assets/Prefab/obj1.prefab using Guid(4d4c8272fcc164c34bd720707116ae3c) Importer(815301076,1909f56bfc062723c751e8b465ee728b)  -> (artifact id: 'db7ccba9fce91eca9551eb77657dc40a') in 0.006733 seconds 
========================================================================
Received Import Request.
  Time since last request: 25.407574 seconds.
  path: Assets/Prefab/obj2.prefab
  artifactKey: Guid(f3eea2da93a87435582181c5bba9e638) Importer(815301076,1909f56bfc062723c751e8b465ee728b)
Start importing Assets/Prefab/obj2.prefab using Guid(f3eea2da93a87435582181c5bba9e638) Importer(815301076,1909f56bfc062723c751e8b465ee728b)  -> (artifact id: '82a8b211ea3bc1bee6d988567d6c7c66') in 0.008603 seconds 
========================================================================
Received Import Request.
  Time since last request: 6.228569 seconds.
  path: Assets/Prefab/obj3.prefab
  artifactKey: Guid(567e4d2da23244ab0b679f7bbd40b51d) Importer(815301076,1909f56bfc062723c751e8b465ee728b)
Start importing Assets/Prefab/obj3.prefab using Guid(567e4d2da23244ab0b679f7bbd40b51d) Importer(815301076,1909f56bfc062723c751e8b465ee728b)  -> (artifact id: '183827d942000de5bb70d1d8caa3caf2') in 0.006864 seconds 
========================================================================
Received Import Request.
  Time since last request: 16.609821 seconds.
  path: Assets/Texture/obj1.png
  artifactKey: Guid(ca443a855a79447a7a6459d971f4c0c5) Importer(815301076,1909f56bfc062723c751e8b465ee728b)
Start importing Assets/Texture/obj1.png using Guid(ca443a855a79447a7a6459d971f4c0c5) Importer(815301076,1909f56bfc062723c751e8b465ee728b)  -> (artifact id: 'aed256b492217420501127b5de4c2b97') in 0.016668 seconds 
========================================================================
Received Import Request.
  Time since last request: 8.020858 seconds.
  path: Assets/Texture/obj2.png
  artifactKey: Guid(f74e4606317a34caf8a17a66468ec71e) Importer(815301076,1909f56bfc062723c751e8b465ee728b)
Start importing Assets/Texture/obj2.png using Guid(f74e4606317a34caf8a17a66468ec71e) Importer(815301076,1909f56bfc062723c751e8b465ee728b)  -> (artifact id: '7bc5693bb7c6da3e25ccd785643313a7') in 0.006763 seconds 
========================================================================
Received Import Request.
  Time since last request: 7.438909 seconds.
  path: Assets/Texture/obj3.png
  artifactKey: Guid(9ab5a292967624cd1a16bdb66a6edcfa) Importer(815301076,1909f56bfc062723c751e8b465ee728b)
Start importing Assets/Texture/obj3.png using Guid(9ab5a292967624cd1a16bdb66a6edcfa) Importer(815301076,1909f56bfc062723c751e8b465ee728b)  -> (artifact id: '6ce65a83c2b117dddaf59441b5acd9c7') in 0.006509 seconds 
========================================================================
Received Prepare
Refreshing native plugins compatible for Editor in 10.37 ms, found 2 plugins.
Preloading 0 native plugins for Editor in 0.00 ms.
Unloading 18 Unused Serialized files (Serialized files now loaded: 0)
Unloading 18 unused Assets / (64.4 KB). Loaded Objects now: 4291.
Memory consumption went from 73.9 MB to 73.8 MB.
Total: 9.590167 ms (FindLiveObjects: 0.306417 ms CreateObjectMapping: 0.069666 ms MarkObjects: 9.124042 ms  DeleteObjects: 0.089625 ms)

AssetImportParameters requested are different than current active one (requested -> active):
  custom:video-decoder-ogg-theora: a1e56fd34408186e4bbccfd4996cb3dc -> 
  custom:container-muxer-webm: aa71ff27fc2769a1b78a27578f13a17b -> 
  custom:container-demuxer-webm: 4f35f7cbe854078d1ac9338744f61a02 -> 
  custom:video-encoder-webm-vp8: eb34c28f22e8b96e1ab97ce403110664 -> 
  custom:framework-osx-AVFoundation: e770b220cccbd017edd2c1fefb359320 -> 
  custom:audio-encoder-webm-vorbis: bf7c407c2cedff20999df2af8eb42d56 -> 
  custom:container-demuxer-ogg: 62fdf1f143b41e24485cea50d1cbac27 -> 
  custom:video-decoder-webm-vp8: 9c59270c3fd7afecdb556c50c9e8de78 -> 
  custom:audio-decoder-ogg-vorbis: bf7c407c2cedff20999df2af8eb42d56 -> 
========================================================================
Received Import Request.
  Time since last request: 159.481551 seconds.
  path: Assets/Prefab/ReferenceImageLibrary.asset
  artifactKey: Guid(f87f48f5834a944d69b93a80d91f0d45) Importer(815301076,1909f56bfc062723c751e8b465ee728b)
Start importing Assets/Prefab/ReferenceImageLibrary.asset using Guid(f87f48f5834a944d69b93a80d91f0d45) Importer(815301076,1909f56bfc062723c751e8b465ee728b)  -> (artifact id: '9f9ce5ea885603fefac04fc34195ad3e') in 0.080965 seconds 
[usbmuxd] Attached: 217 00008110-0014352822D2401E
========================================================================
Received Import Request.
  Time since last request: 245.886836 seconds.
  path: Assets/Scripts/PlaceOnPlane.cs
  artifactKey: Guid(ec1675c98a70244bca4548eca94a0b41) Importer(815301076,1909f56bfc062723c751e8b465ee728b)
Start importing Assets/Scripts/PlaceOnPlane.cs using Guid(ec1675c98a70244bca4548eca94a0b41) Importer(815301076,1909f56bfc062723c751e8b465ee728b)  -> (artifact id: 'b45ba9a1cd960196f6edf78153f76557') in 0.007183 seconds 
========================================================================
Received Prepare
Refreshing native plugins compatible for Editor in 1.83 ms, found 2 plugins.
Preloading 0 native plugins for Editor in 0.00 ms.
Unloading 18 Unused Serialized files (Serialized files now loaded: 0)
Unloading 18 unused Assets / (64.6 KB). Loaded Objects now: 4291.
Memory consumption went from 74.4 MB to 74.3 MB.
Total: 11.908917 ms (FindLiveObjects: 0.333667 ms CreateObjectMapping: 0.069458 ms MarkObjects: 11.409458 ms  DeleteObjects: 0.095875 ms)

AssetImportParameters requested are different than current active one (requested -> active):
  custom:video-decoder-ogg-theora: a1e56fd34408186e4bbccfd4996cb3dc -> 
  custom:container-muxer-webm: aa71ff27fc2769a1b78a27578f13a17b -> 
  custom:container-demuxer-webm: 4f35f7cbe854078d1ac9338744f61a02 -> 
  custom:video-encoder-webm-vp8: eb34c28f22e8b96e1ab97ce403110664 -> 
  custom:framework-osx-AVFoundation: e770b220cccbd017edd2c1fefb359320 -> 
  custom:audio-encoder-webm-vorbis: bf7c407c2cedff20999df2af8eb42d56 -> 
  custom:container-demuxer-ogg: 62fdf1f143b41e24485cea50d1cbac27 -> 
  custom:video-decoder-webm-vp8: 9c59270c3fd7afecdb556c50c9e8de78 -> 
  custom:audio-decoder-ogg-vorbis: bf7c407c2cedff20999df2af8eb42d56 -> 
[usbmuxd] Detached: 217 00008110-0014352822D2401E
[usbmuxd] Attached: 247 00008110-0014352822D2401E
[usbmuxd] Detached: 247 00008110-0014352822D2401E
